2017-04-09 18:06:02,184 INFO [org.springframework.context.support.ClassPathXmlApplicationContext] - Refreshing org.springframework.context.support.ClassPathXmlApplicationContext@6fd02e5: startup date [Sun Apr 09 18:06:02 CST 2017]; root of context hierarchy
2017-04-09 18:06:02,337 INFO [org.springframework.beans.factory.xml.XmlBeanDefinitionReader] - Loading XML bean definitions from class path resource [applicationContext.xml]
2017-04-09 18:06:02,344 DEBUG [org.springframework.beans.factory.xml.DefaultDocumentLoader] - Using JAXP provider [com.sun.org.apache.xerces.internal.jaxp.DocumentBuilderFactoryImpl]
2017-04-09 18:06:02,407 DEBUG [org.springframework.beans.factory.xml.PluggableSchemaResolver] - Loading schema mappings from [META-INF/spring.schemas]
2017-04-09 18:06:02,413 DEBUG [org.springframework.beans.factory.xml.PluggableSchemaResolver] - Loaded schema mappings: {http://www.springframework.org/schema/lang/spring-lang.xsd=org/springframework/scripting/config/spring-lang-3.0.xsd, http://www.springframework.org/schema/lang/spring-lang-2.5.xsd=org/springframework/scripting/config/spring-lang-2.5.xsd, http://www.springframework.org/schema/context/spring-context-2.5.xsd=org/springframework/context/config/spring-context-2.5.xsd, http://www.springframework.org/schema/aop/spring-aop.xsd=org/springframework/aop/config/spring-aop-3.0.xsd, http://www.springframework.org/schema/context/spring-context.xsd=org/springframework/context/config/spring-context-3.0.xsd, http://www.springframework.org/schema/util/spring-util-3.0.xsd=org/springframework/beans/factory/xml/spring-util-3.0.xsd, http://www.springframework.org/schema/util/spring-util-2.0.xsd=org/springframework/beans/factory/xml/spring-util-2.0.xsd, http://www.springframework.org/schema/task/spring-task-3.0.xsd=org/springframework/scheduling/config/spring-task-3.0.xsd, http://www.springframework.org/schema/util/spring-util-2.5.xsd=org/springframework/beans/factory/xml/spring-util-2.5.xsd, http://www.springframework.org/schema/tool/spring-tool-3.0.xsd=org/springframework/beans/factory/xml/spring-tool-3.0.xsd, http://www.springframework.org/schema/jdbc/spring-jdbc.xsd=org/springframework/jdbc/config/spring-jdbc-3.0.xsd, http://www.springframework.org/schema/tx/spring-tx-2.0.xsd=org/springframework/transaction/config/spring-tx-2.0.xsd, http://www.springframework.org/schema/tool/spring-tool-2.0.xsd=org/springframework/beans/factory/xml/spring-tool-2.0.xsd, http://www.springframework.org/schema/task/spring-task.xsd=org/springframework/scheduling/config/spring-task-3.0.xsd, http://www.springframework.org/schema/context/spring-context-3.0.xsd=org/springframework/context/config/spring-context-3.0.xsd, http://www.springframework.org/schema/tx/spring-tx-2.5.xsd=org/springframework/transaction/config/spring-tx-2.5.xsd, http://www.springframework.org/schema/beans/spring-beans-2.0.xsd=org/springframework/beans/factory/xml/spring-beans-2.0.xsd, http://www.springframework.org/schema/tool/spring-tool-2.5.xsd=org/springframework/beans/factory/xml/spring-tool-2.5.xsd, http://www.springframework.org/schema/jee/spring-jee.xsd=org/springframework/ejb/config/spring-jee-3.0.xsd, http://www.springframework.org/schema/beans/spring-beans-2.5.xsd=org/springframework/beans/factory/xml/spring-beans-2.5.xsd, http://www.springframework.org/schema/beans/spring-beans.xsd=org/springframework/beans/factory/xml/spring-beans-3.0.xsd, http://www.springframework.org/schema/tool/spring-tool.xsd=org/springframework/beans/factory/xml/spring-tool-3.0.xsd, http://www.springframework.org/schema/aop/spring-aop-3.0.xsd=org/springframework/aop/config/spring-aop-3.0.xsd, http://www.springframework.org/schema/tx/spring-tx.xsd=org/springframework/transaction/config/spring-tx-3.0.xsd, http://www.springframework.org/schema/jee/spring-jee-3.0.xsd=org/springframework/ejb/config/spring-jee-3.0.xsd, http://www.springframework.org/schema/aop/spring-aop-2.0.xsd=org/springframework/aop/config/spring-aop-2.0.xsd, http://www.springframework.org/schema/jee/spring-jee-2.0.xsd=org/springframework/ejb/config/spring-jee-2.0.xsd, http://www.springframework.org/schema/tx/spring-tx-3.0.xsd=org/springframework/transaction/config/spring-tx-3.0.xsd, http://www.springframework.org/schema/aop/spring-aop-2.5.xsd=org/springframework/aop/config/spring-aop-2.5.xsd, http://www.springframework.org/schema/jee/spring-jee-2.5.xsd=org/springframework/ejb/config/spring-jee-2.5.xsd, http://www.springframework.org/schema/beans/spring-beans-3.0.xsd=org/springframework/beans/factory/xml/spring-beans-3.0.xsd, http://www.springframework.org/schema/lang/spring-lang-3.0.xsd=org/springframework/scripting/config/spring-lang-3.0.xsd, http://www.springframework.org/schema/lang/spring-lang-2.0.xsd=org/springframework/scripting/config/spring-lang-2.0.xsd, http://www.springframework.org/schema/jdbc/spring-jdbc-3.0.xsd=org/springframework/jdbc/config/spring-jdbc-3.0.xsd, http://www.springframework.org/schema/util/spring-util.xsd=org/springframework/beans/factory/xml/spring-util-3.0.xsd}
2017-04-09 18:06:02,420 DEBUG [org.springframework.beans.factory.xml.PluggableSchemaResolver] - Found XML schema [http://www.springframework.org/schema/beans/spring-beans-3.0.xsd] in classpath: org/springframework/beans/factory/xml/spring-beans-3.0.xsd
2017-04-09 18:06:02,489 DEBUG [org.springframework.beans.factory.xml.DefaultBeanDefinitionDocumentReader] - Loading bean definitions
2017-04-09 18:06:02,525 DEBUG [org.springframework.beans.factory.xml.XmlBeanDefinitionReader] - Loaded 3 bean definitions from location pattern [applicationContext.xml]
2017-04-09 18:06:02,525 DEBUG [org.springframework.context.support.ClassPathXmlApplicationContext] - Bean factory for org.springframework.context.support.ClassPathXmlApplicationContext@6fd02e5: org.springframework.beans.factory.support.DefaultListableBeanFactory@59906517: defining beans [dataSource,sqlMapClient,personDao]; root of factory hierarchy
2017-04-09 18:06:02,609 DEBUG [org.springframework.context.support.ClassPathXmlApplicationContext] - Unable to locate MessageSource with name 'messageSource': using default [org.springframework.context.support.DelegatingMessageSource@544a2ea6]
2017-04-09 18:06:02,613 DEBUG [org.springframework.context.support.ClassPathXmlApplicationContext] - Unable to locate ApplicationEventMulticaster with name 'applicationEventMulticaster': using default [org.springframework.context.event.SimpleApplicationEventMulticaster@6eceb130]
2017-04-09 18:06:02,617 INFO [org.springframework.beans.factory.support.DefaultListableBeanFactory] - Pre-instantiating singletons in org.springframework.beans.factory.support.DefaultListableBeanFactory@59906517: defining beans [dataSource,sqlMapClient,personDao]; root of factory hierarchy
2017-04-09 18:06:02,618 DEBUG [org.springframework.beans.factory.support.DefaultListableBeanFactory] - Creating shared instance of singleton bean 'dataSource'
2017-04-09 18:06:02,619 DEBUG [org.springframework.beans.factory.support.DefaultListableBeanFactory] - Creating instance of bean 'dataSource'
2017-04-09 18:06:02,657 DEBUG [org.springframework.beans.factory.support.DefaultListableBeanFactory] - Eagerly caching bean 'dataSource' to allow for resolving potential circular references
2017-04-09 18:06:02,700 DEBUG [org.springframework.beans.factory.support.DefaultListableBeanFactory] - Finished creating instance of bean 'dataSource'
2017-04-09 18:06:02,703 DEBUG [org.springframework.beans.factory.support.DefaultListableBeanFactory] - Creating shared instance of singleton bean 'sqlMapClient'
2017-04-09 18:06:02,703 DEBUG [org.springframework.beans.factory.support.DefaultListableBeanFactory] - Creating instance of bean 'sqlMapClient'
2017-04-09 18:06:02,724 DEBUG [org.springframework.beans.factory.support.DefaultListableBeanFactory] - Eagerly caching bean 'sqlMapClient' to allow for resolving potential circular references
2017-04-09 18:06:02,725 DEBUG [org.springframework.beans.factory.support.DefaultListableBeanFactory] - Returning cached instance of singleton bean 'dataSource'
2017-04-09 18:06:02,738 DEBUG [org.springframework.beans.factory.support.DefaultListableBeanFactory] - Invoking afterPropertiesSet() on bean with name 'sqlMapClient'
2017-04-09 18:06:02,924 DEBUG [org.springframework.beans.factory.support.DefaultListableBeanFactory] - Finished creating instance of bean 'sqlMapClient'
2017-04-09 18:06:02,925 DEBUG [org.springframework.beans.factory.support.DefaultListableBeanFactory] - Creating shared instance of singleton bean 'personDao'
2017-04-09 18:06:02,925 DEBUG [org.springframework.beans.factory.support.DefaultListableBeanFactory] - Creating instance of bean 'personDao'
2017-04-09 18:06:02,934 DEBUG [org.springframework.beans.factory.support.DefaultListableBeanFactory] - Eagerly caching bean 'personDao' to allow for resolving potential circular references
2017-04-09 18:06:02,934 DEBUG [org.springframework.beans.factory.support.DefaultListableBeanFactory] - Returning cached instance of singleton bean 'sqlMapClient'
2017-04-09 18:06:02,949 DEBUG [org.springframework.beans.factory.support.DefaultListableBeanFactory] - Invoking afterPropertiesSet() on bean with name 'personDao'
2017-04-09 18:06:02,949 DEBUG [org.springframework.beans.factory.support.DefaultListableBeanFactory] - Finished creating instance of bean 'personDao'
2017-04-09 18:06:02,951 DEBUG [org.springframework.context.support.ClassPathXmlApplicationContext] - Unable to locate LifecycleProcessor with name 'lifecycleProcessor': using default [org.springframework.context.support.DefaultLifecycleProcessor@6193932a]
2017-04-09 18:06:02,951 DEBUG [org.springframework.beans.factory.support.DefaultListableBeanFactory] - Returning cached instance of singleton bean 'lifecycleProcessor'
2017-04-09 18:06:02,953 DEBUG [org.springframework.beans.factory.support.DefaultListableBeanFactory] - Returning cached instance of singleton bean 'personDao'
2017-04-09 18:06:02,975 DEBUG [java.sql.Connection] - {conn-100000} Connection
2017-04-09 18:06:02,994 DEBUG [java.sql.Connection] - {conn-100000} Preparing Statement:          insert into person(id, name, age) values(?,?,?)     
2017-04-09 18:06:03,003 DEBUG [org.springframework.jdbc.datasource.DataSourceUtils] - Fetching JDBC Connection from DataSource
2017-04-09 18:06:03,367 DEBUG [java.sql.PreparedStatement] - {pstm-100001} Executing Statement:          insert into person(id, name, age) values(?,?,?)     
2017-04-09 18:06:03,367 DEBUG [java.sql.PreparedStatement] - {pstm-100001} Parameters: [112, 黄易, 65]
2017-04-09 18:06:03,367 DEBUG [java.sql.PreparedStatement] - {pstm-100001} Types: [java.lang.Integer, java.lang.String, java.lang.Integer]
2017-04-09 18:06:03,377 DEBUG [org.springframework.jdbc.datasource.DataSourceUtils] - Returning JDBC Connection to DataSource
2017-04-09 18:06:32,167 INFO [org.springframework.context.support.ClassPathXmlApplicationContext] - Refreshing org.springframework.context.support.ClassPathXmlApplicationContext@1ce92674: startup date [Sun Apr 09 18:06:32 CST 2017]; root of context hierarchy
2017-04-09 18:06:32,238 INFO [org.springframework.beans.factory.xml.XmlBeanDefinitionReader] - Loading XML bean definitions from class path resource [applicationContext.xml]
2017-04-09 18:06:32,249 DEBUG [org.springframework.beans.factory.xml.DefaultDocumentLoader] - Using JAXP provider [com.sun.org.apache.xerces.internal.jaxp.DocumentBuilderFactoryImpl]
2017-04-09 18:06:32,283 DEBUG [org.springframework.beans.factory.xml.PluggableSchemaResolver] - Loading schema mappings from [META-INF/spring.schemas]
2017-04-09 18:06:32,286 DEBUG [org.springframework.beans.factory.xml.PluggableSchemaResolver] - Loaded schema mappings: {http://www.springframework.org/schema/lang/spring-lang.xsd=org/springframework/scripting/config/spring-lang-3.0.xsd, http://www.springframework.org/schema/lang/spring-lang-2.5.xsd=org/springframework/scripting/config/spring-lang-2.5.xsd, http://www.springframework.org/schema/context/spring-context-2.5.xsd=org/springframework/context/config/spring-context-2.5.xsd, http://www.springframework.org/schema/aop/spring-aop.xsd=org/springframework/aop/config/spring-aop-3.0.xsd, http://www.springframework.org/schema/context/spring-context.xsd=org/springframework/context/config/spring-context-3.0.xsd, http://www.springframework.org/schema/util/spring-util-3.0.xsd=org/springframework/beans/factory/xml/spring-util-3.0.xsd, http://www.springframework.org/schema/util/spring-util-2.0.xsd=org/springframework/beans/factory/xml/spring-util-2.0.xsd, http://www.springframework.org/schema/task/spring-task-3.0.xsd=org/springframework/scheduling/config/spring-task-3.0.xsd, http://www.springframework.org/schema/util/spring-util-2.5.xsd=org/springframework/beans/factory/xml/spring-util-2.5.xsd, http://www.springframework.org/schema/tool/spring-tool-3.0.xsd=org/springframework/beans/factory/xml/spring-tool-3.0.xsd, http://www.springframework.org/schema/jdbc/spring-jdbc.xsd=org/springframework/jdbc/config/spring-jdbc-3.0.xsd, http://www.springframework.org/schema/tx/spring-tx-2.0.xsd=org/springframework/transaction/config/spring-tx-2.0.xsd, http://www.springframework.org/schema/tool/spring-tool-2.0.xsd=org/springframework/beans/factory/xml/spring-tool-2.0.xsd, http://www.springframework.org/schema/task/spring-task.xsd=org/springframework/scheduling/config/spring-task-3.0.xsd, http://www.springframework.org/schema/context/spring-context-3.0.xsd=org/springframework/context/config/spring-context-3.0.xsd, http://www.springframework.org/schema/tx/spring-tx-2.5.xsd=org/springframework/transaction/config/spring-tx-2.5.xsd, http://www.springframework.org/schema/beans/spring-beans-2.0.xsd=org/springframework/beans/factory/xml/spring-beans-2.0.xsd, http://www.springframework.org/schema/tool/spring-tool-2.5.xsd=org/springframework/beans/factory/xml/spring-tool-2.5.xsd, http://www.springframework.org/schema/jee/spring-jee.xsd=org/springframework/ejb/config/spring-jee-3.0.xsd, http://www.springframework.org/schema/beans/spring-beans-2.5.xsd=org/springframework/beans/factory/xml/spring-beans-2.5.xsd, http://www.springframework.org/schema/beans/spring-beans.xsd=org/springframework/beans/factory/xml/spring-beans-3.0.xsd, http://www.springframework.org/schema/tool/spring-tool.xsd=org/springframework/beans/factory/xml/spring-tool-3.0.xsd, http://www.springframework.org/schema/aop/spring-aop-3.0.xsd=org/springframework/aop/config/spring-aop-3.0.xsd, http://www.springframework.org/schema/tx/spring-tx.xsd=org/springframework/transaction/config/spring-tx-3.0.xsd, http://www.springframework.org/schema/jee/spring-jee-3.0.xsd=org/springframework/ejb/config/spring-jee-3.0.xsd, http://www.springframework.org/schema/aop/spring-aop-2.0.xsd=org/springframework/aop/config/spring-aop-2.0.xsd, http://www.springframework.org/schema/jee/spring-jee-2.0.xsd=org/springframework/ejb/config/spring-jee-2.0.xsd, http://www.springframework.org/schema/tx/spring-tx-3.0.xsd=org/springframework/transaction/config/spring-tx-3.0.xsd, http://www.springframework.org/schema/aop/spring-aop-2.5.xsd=org/springframework/aop/config/spring-aop-2.5.xsd, http://www.springframework.org/schema/jee/spring-jee-2.5.xsd=org/springframework/ejb/config/spring-jee-2.5.xsd, http://www.springframework.org/schema/beans/spring-beans-3.0.xsd=org/springframework/beans/factory/xml/spring-beans-3.0.xsd, http://www.springframework.org/schema/lang/spring-lang-3.0.xsd=org/springframework/scripting/config/spring-lang-3.0.xsd, http://www.springframework.org/schema/lang/spring-lang-2.0.xsd=org/springframework/scripting/config/spring-lang-2.0.xsd, http://www.springframework.org/schema/jdbc/spring-jdbc-3.0.xsd=org/springframework/jdbc/config/spring-jdbc-3.0.xsd, http://www.springframework.org/schema/util/spring-util.xsd=org/springframework/beans/factory/xml/spring-util-3.0.xsd}
2017-04-09 18:06:32,289 DEBUG [org.springframework.beans.factory.xml.PluggableSchemaResolver] - Found XML schema [http://www.springframework.org/schema/beans/spring-beans-3.0.xsd] in classpath: org/springframework/beans/factory/xml/spring-beans-3.0.xsd
2017-04-09 18:06:32,343 DEBUG [org.springframework.beans.factory.xml.DefaultBeanDefinitionDocumentReader] - Loading bean definitions
2017-04-09 18:06:32,367 DEBUG [org.springframework.beans.factory.xml.XmlBeanDefinitionReader] - Loaded 3 bean definitions from location pattern [applicationContext.xml]
2017-04-09 18:06:32,367 DEBUG [org.springframework.context.support.ClassPathXmlApplicationContext] - Bean factory for org.springframework.context.support.ClassPathXmlApplicationContext@1ce92674: org.springframework.beans.factory.support.DefaultListableBeanFactory@6043cd28: defining beans [dataSource,sqlMapClient,personDao]; root of factory hierarchy
2017-04-09 18:06:32,418 DEBUG [org.springframework.context.support.ClassPathXmlApplicationContext] - Unable to locate MessageSource with name 'messageSource': using default [org.springframework.context.support.DelegatingMessageSource@6ec8211c]
2017-04-09 18:06:32,422 DEBUG [org.springframework.context.support.ClassPathXmlApplicationContext] - Unable to locate ApplicationEventMulticaster with name 'applicationEventMulticaster': using default [org.springframework.context.event.SimpleApplicationEventMulticaster@3578436e]
2017-04-09 18:06:32,423 INFO [org.springframework.beans.factory.support.DefaultListableBeanFactory] - Pre-instantiating singletons in org.springframework.beans.factory.support.DefaultListableBeanFactory@6043cd28: defining beans [dataSource,sqlMapClient,personDao]; root of factory hierarchy
2017-04-09 18:06:32,425 DEBUG [org.springframework.beans.factory.support.DefaultListableBeanFactory] - Creating shared instance of singleton bean 'dataSource'
2017-04-09 18:06:32,425 DEBUG [org.springframework.beans.factory.support.DefaultListableBeanFactory] - Creating instance of bean 'dataSource'
2017-04-09 18:06:32,453 DEBUG [org.springframework.beans.factory.support.DefaultListableBeanFactory] - Eagerly caching bean 'dataSource' to allow for resolving potential circular references
2017-04-09 18:06:32,492 DEBUG [org.springframework.beans.factory.support.DefaultListableBeanFactory] - Finished creating instance of bean 'dataSource'
2017-04-09 18:06:32,494 DEBUG [org.springframework.beans.factory.support.DefaultListableBeanFactory] - Creating shared instance of singleton bean 'sqlMapClient'
2017-04-09 18:06:32,495 DEBUG [org.springframework.beans.factory.support.DefaultListableBeanFactory] - Creating instance of bean 'sqlMapClient'
2017-04-09 18:06:32,508 DEBUG [org.springframework.beans.factory.support.DefaultListableBeanFactory] - Eagerly caching bean 'sqlMapClient' to allow for resolving potential circular references
2017-04-09 18:06:32,509 DEBUG [org.springframework.beans.factory.support.DefaultListableBeanFactory] - Returning cached instance of singleton bean 'dataSource'
2017-04-09 18:06:32,517 DEBUG [org.springframework.beans.factory.support.DefaultListableBeanFactory] - Invoking afterPropertiesSet() on bean with name 'sqlMapClient'
2017-04-09 18:06:32,880 DEBUG [org.springframework.beans.factory.support.DefaultListableBeanFactory] - Finished creating instance of bean 'sqlMapClient'
2017-04-09 18:06:32,881 DEBUG [org.springframework.beans.factory.support.DefaultListableBeanFactory] - Creating shared instance of singleton bean 'personDao'
2017-04-09 18:06:32,881 DEBUG [org.springframework.beans.factory.support.DefaultListableBeanFactory] - Creating instance of bean 'personDao'
2017-04-09 18:06:32,886 DEBUG [org.springframework.beans.factory.support.DefaultListableBeanFactory] - Eagerly caching bean 'personDao' to allow for resolving potential circular references
2017-04-09 18:06:32,886 DEBUG [org.springframework.beans.factory.support.DefaultListableBeanFactory] - Returning cached instance of singleton bean 'sqlMapClient'
2017-04-09 18:06:32,894 DEBUG [org.springframework.beans.factory.support.DefaultListableBeanFactory] - Invoking afterPropertiesSet() on bean with name 'personDao'
2017-04-09 18:06:32,894 DEBUG [org.springframework.beans.factory.support.DefaultListableBeanFactory] - Finished creating instance of bean 'personDao'
2017-04-09 18:06:32,896 DEBUG [org.springframework.context.support.ClassPathXmlApplicationContext] - Unable to locate LifecycleProcessor with name 'lifecycleProcessor': using default [org.springframework.context.support.DefaultLifecycleProcessor@5276e6b0]
2017-04-09 18:06:32,896 DEBUG [org.springframework.beans.factory.support.DefaultListableBeanFactory] - Returning cached instance of singleton bean 'lifecycleProcessor'
2017-04-09 18:06:32,898 DEBUG [org.springframework.beans.factory.support.DefaultListableBeanFactory] - Returning cached instance of singleton bean 'personDao'
2017-04-09 18:06:32,922 DEBUG [java.sql.Connection] - {conn-100000} Connection
2017-04-09 18:06:32,933 DEBUG [java.sql.Connection] - {conn-100000} Preparing Statement:          insert into person(id, name, age) values(?,?,?)     
2017-04-09 18:06:32,941 DEBUG [org.springframework.jdbc.datasource.DataSourceUtils] - Fetching JDBC Connection from DataSource
2017-04-09 18:06:33,330 DEBUG [java.sql.PreparedStatement] - {pstm-100001} Executing Statement:          insert into person(id, name, age) values(?,?,?)     
2017-04-09 18:06:33,331 DEBUG [java.sql.PreparedStatement] - {pstm-100001} Parameters: [113, 黄易, 65]
2017-04-09 18:06:33,331 DEBUG [java.sql.PreparedStatement] - {pstm-100001} Types: [java.lang.Integer, java.lang.String, java.lang.Integer]
2017-04-09 18:06:33,420 DEBUG [org.springframework.jdbc.datasource.DataSourceUtils] - Returning JDBC Connection to DataSource
2017-04-09 18:06:33,421 DEBUG [java.sql.Connection] - {conn-100002} Connection
2017-04-09 18:06:33,423 DEBUG [java.sql.Connection] - {conn-100002} Preparing Statement:          select id, name, age         from person         order by id     
2017-04-09 18:06:33,424 DEBUG [org.springframework.jdbc.datasource.DataSourceUtils] - Fetching JDBC Connection from DataSource
2017-04-09 18:06:33,424 DEBUG [java.sql.PreparedStatement] - {pstm-100003} Executing Statement:          select id, name, age         from person         order by id     
2017-04-09 18:06:33,425 DEBUG [java.sql.PreparedStatement] - {pstm-100003} Parameters: []
2017-04-09 18:06:33,425 DEBUG [java.sql.PreparedStatement] - {pstm-100003} Types: []
2017-04-09 18:06:33,430 DEBUG [java.sql.ResultSet] - {rset-100004} ResultSet
2017-04-09 18:06:33,443 DEBUG [java.sql.ResultSet] - {rset-100004} Header: [id, name, age]
2017-04-09 18:06:33,443 DEBUG [java.sql.ResultSet] - {rset-100004} Result: [3, 学楠, 24]
2017-04-09 18:06:33,444 DEBUG [java.sql.ResultSet] - {rset-100004} Result: [4, bobo, 24]
2017-04-09 18:06:33,444 DEBUG [java.sql.ResultSet] - {rset-100004} Result: [5, 田, 21]
2017-04-09 18:06:33,444 DEBUG [java.sql.ResultSet] - {rset-100004} Result: [6, 田, 21]
2017-04-09 18:06:33,446 DEBUG [java.sql.ResultSet] - {rset-100004} Result: [110, 黄易, 65]
2017-04-09 18:06:33,447 DEBUG [java.sql.ResultSet] - {rset-100004} Result: [111, 黄易, 65]
2017-04-09 18:06:33,447 DEBUG [java.sql.ResultSet] - {rset-100004} Result: [112, 黄易, 65]
2017-04-09 18:06:33,448 DEBUG [java.sql.ResultSet] - {rset-100004} Result: [113, 黄易, 65]
2017-04-09 18:06:33,448 DEBUG [org.springframework.jdbc.datasource.DataSourceUtils] - Returning JDBC Connection to DataSource
2017-04-09 18:06:42,260 INFO [org.springframework.context.support.ClassPathXmlApplicationContext] - Refreshing org.springframework.context.support.ClassPathXmlApplicationContext@5700d6b1: startup date [Sun Apr 09 18:06:42 CST 2017]; root of context hierarchy
2017-04-09 18:06:42,346 INFO [org.springframework.beans.factory.xml.XmlBeanDefinitionReader] - Loading XML bean definitions from class path resource [applicationContext.xml]
2017-04-09 18:06:42,352 DEBUG [org.springframework.beans.factory.xml.DefaultDocumentLoader] - Using JAXP provider [com.sun.org.apache.xerces.internal.jaxp.DocumentBuilderFactoryImpl]
2017-04-09 18:06:42,392 DEBUG [org.springframework.beans.factory.xml.PluggableSchemaResolver] - Loading schema mappings from [META-INF/spring.schemas]
2017-04-09 18:06:42,396 DEBUG [org.springframework.beans.factory.xml.PluggableSchemaResolver] - Loaded schema mappings: {http://www.springframework.org/schema/lang/spring-lang.xsd=org/springframework/scripting/config/spring-lang-3.0.xsd, http://www.springframework.org/schema/lang/spring-lang-2.5.xsd=org/springframework/scripting/config/spring-lang-2.5.xsd, http://www.springframework.org/schema/context/spring-context-2.5.xsd=org/springframework/context/config/spring-context-2.5.xsd, http://www.springframework.org/schema/aop/spring-aop.xsd=org/springframework/aop/config/spring-aop-3.0.xsd, http://www.springframework.org/schema/context/spring-context.xsd=org/springframework/context/config/spring-context-3.0.xsd, http://www.springframework.org/schema/util/spring-util-3.0.xsd=org/springframework/beans/factory/xml/spring-util-3.0.xsd, http://www.springframework.org/schema/util/spring-util-2.0.xsd=org/springframework/beans/factory/xml/spring-util-2.0.xsd, http://www.springframework.org/schema/task/spring-task-3.0.xsd=org/springframework/scheduling/config/spring-task-3.0.xsd, http://www.springframework.org/schema/util/spring-util-2.5.xsd=org/springframework/beans/factory/xml/spring-util-2.5.xsd, http://www.springframework.org/schema/tool/spring-tool-3.0.xsd=org/springframework/beans/factory/xml/spring-tool-3.0.xsd, http://www.springframework.org/schema/jdbc/spring-jdbc.xsd=org/springframework/jdbc/config/spring-jdbc-3.0.xsd, http://www.springframework.org/schema/tx/spring-tx-2.0.xsd=org/springframework/transaction/config/spring-tx-2.0.xsd, http://www.springframework.org/schema/tool/spring-tool-2.0.xsd=org/springframework/beans/factory/xml/spring-tool-2.0.xsd, http://www.springframework.org/schema/task/spring-task.xsd=org/springframework/scheduling/config/spring-task-3.0.xsd, http://www.springframework.org/schema/context/spring-context-3.0.xsd=org/springframework/context/config/spring-context-3.0.xsd, http://www.springframework.org/schema/tx/spring-tx-2.5.xsd=org/springframework/transaction/config/spring-tx-2.5.xsd, http://www.springframework.org/schema/beans/spring-beans-2.0.xsd=org/springframework/beans/factory/xml/spring-beans-2.0.xsd, http://www.springframework.org/schema/tool/spring-tool-2.5.xsd=org/springframework/beans/factory/xml/spring-tool-2.5.xsd, http://www.springframework.org/schema/jee/spring-jee.xsd=org/springframework/ejb/config/spring-jee-3.0.xsd, http://www.springframework.org/schema/beans/spring-beans-2.5.xsd=org/springframework/beans/factory/xml/spring-beans-2.5.xsd, http://www.springframework.org/schema/beans/spring-beans.xsd=org/springframework/beans/factory/xml/spring-beans-3.0.xsd, http://www.springframework.org/schema/tool/spring-tool.xsd=org/springframework/beans/factory/xml/spring-tool-3.0.xsd, http://www.springframework.org/schema/aop/spring-aop-3.0.xsd=org/springframework/aop/config/spring-aop-3.0.xsd, http://www.springframework.org/schema/tx/spring-tx.xsd=org/springframework/transaction/config/spring-tx-3.0.xsd, http://www.springframework.org/schema/jee/spring-jee-3.0.xsd=org/springframework/ejb/config/spring-jee-3.0.xsd, http://www.springframework.org/schema/aop/spring-aop-2.0.xsd=org/springframework/aop/config/spring-aop-2.0.xsd, http://www.springframework.org/schema/jee/spring-jee-2.0.xsd=org/springframework/ejb/config/spring-jee-2.0.xsd, http://www.springframework.org/schema/tx/spring-tx-3.0.xsd=org/springframework/transaction/config/spring-tx-3.0.xsd, http://www.springframework.org/schema/aop/spring-aop-2.5.xsd=org/springframework/aop/config/spring-aop-2.5.xsd, http://www.springframework.org/schema/jee/spring-jee-2.5.xsd=org/springframework/ejb/config/spring-jee-2.5.xsd, http://www.springframework.org/schema/beans/spring-beans-3.0.xsd=org/springframework/beans/factory/xml/spring-beans-3.0.xsd, http://www.springframework.org/schema/lang/spring-lang-3.0.xsd=org/springframework/scripting/config/spring-lang-3.0.xsd, http://www.springframework.org/schema/lang/spring-lang-2.0.xsd=org/springframework/scripting/config/spring-lang-2.0.xsd, http://www.springframework.org/schema/jdbc/spring-jdbc-3.0.xsd=org/springframework/jdbc/config/spring-jdbc-3.0.xsd, http://www.springframework.org/schema/util/spring-util.xsd=org/springframework/beans/factory/xml/spring-util-3.0.xsd}
2017-04-09 18:06:42,402 DEBUG [org.springframework.beans.factory.xml.PluggableSchemaResolver] - Found XML schema [http://www.springframework.org/schema/beans/spring-beans-3.0.xsd] in classpath: org/springframework/beans/factory/xml/spring-beans-3.0.xsd
2017-04-09 18:06:42,509 DEBUG [org.springframework.beans.factory.xml.DefaultBeanDefinitionDocumentReader] - Loading bean definitions
2017-04-09 18:06:42,553 DEBUG [org.springframework.beans.factory.xml.XmlBeanDefinitionReader] - Loaded 3 bean definitions from location pattern [applicationContext.xml]
2017-04-09 18:06:42,555 DEBUG [org.springframework.context.support.ClassPathXmlApplicationContext] - Bean factory for org.springframework.context.support.ClassPathXmlApplicationContext@5700d6b1: org.springframework.beans.factory.support.DefaultListableBeanFactory@cb51256: defining beans [dataSource,sqlMapClient,personDao]; root of factory hierarchy
2017-04-09 18:06:42,609 DEBUG [org.springframework.context.support.ClassPathXmlApplicationContext] - Unable to locate MessageSource with name 'messageSource': using default [org.springframework.context.support.DelegatingMessageSource@7276c8cd]
2017-04-09 18:06:42,638 DEBUG [org.springframework.context.support.ClassPathXmlApplicationContext] - Unable to locate ApplicationEventMulticaster with name 'applicationEventMulticaster': using default [org.springframework.context.event.SimpleApplicationEventMulticaster@706a04ae]
2017-04-09 18:06:42,639 INFO [org.springframework.beans.factory.support.DefaultListableBeanFactory] - Pre-instantiating singletons in org.springframework.beans.factory.support.DefaultListableBeanFactory@cb51256: defining beans [dataSource,sqlMapClient,personDao]; root of factory hierarchy
2017-04-09 18:06:42,641 DEBUG [org.springframework.beans.factory.support.DefaultListableBeanFactory] - Creating shared instance of singleton bean 'dataSource'
2017-04-09 18:06:42,642 DEBUG [org.springframework.beans.factory.support.DefaultListableBeanFactory] - Creating instance of bean 'dataSource'
2017-04-09 18:06:42,673 DEBUG [org.springframework.beans.factory.support.DefaultListableBeanFactory] - Eagerly caching bean 'dataSource' to allow for resolving potential circular references
2017-04-09 18:06:42,703 DEBUG [org.springframework.beans.factory.support.DefaultListableBeanFactory] - Finished creating instance of bean 'dataSource'
2017-04-09 18:06:42,707 DEBUG [org.springframework.beans.factory.support.DefaultListableBeanFactory] - Creating shared instance of singleton bean 'sqlMapClient'
2017-04-09 18:06:42,707 DEBUG [org.springframework.beans.factory.support.DefaultListableBeanFactory] - Creating instance of bean 'sqlMapClient'
2017-04-09 18:06:42,748 DEBUG [org.springframework.beans.factory.support.DefaultListableBeanFactory] - Eagerly caching bean 'sqlMapClient' to allow for resolving potential circular references
2017-04-09 18:06:42,749 DEBUG [org.springframework.beans.factory.support.DefaultListableBeanFactory] - Returning cached instance of singleton bean 'dataSource'
2017-04-09 18:06:42,756 DEBUG [org.springframework.beans.factory.support.DefaultListableBeanFactory] - Invoking afterPropertiesSet() on bean with name 'sqlMapClient'
2017-04-09 18:06:42,885 DEBUG [org.springframework.beans.factory.support.DefaultListableBeanFactory] - Finished creating instance of bean 'sqlMapClient'
2017-04-09 18:06:42,885 DEBUG [org.springframework.beans.factory.support.DefaultListableBeanFactory] - Creating shared instance of singleton bean 'personDao'
2017-04-09 18:06:42,886 DEBUG [org.springframework.beans.factory.support.DefaultListableBeanFactory] - Creating instance of bean 'personDao'
2017-04-09 18:06:42,891 DEBUG [org.springframework.beans.factory.support.DefaultListableBeanFactory] - Eagerly caching bean 'personDao' to allow for resolving potential circular references
2017-04-09 18:06:42,892 DEBUG [org.springframework.beans.factory.support.DefaultListableBeanFactory] - Returning cached instance of singleton bean 'sqlMapClient'
2017-04-09 18:06:42,899 DEBUG [org.springframework.beans.factory.support.DefaultListableBeanFactory] - Invoking afterPropertiesSet() on bean with name 'personDao'
2017-04-09 18:06:42,899 DEBUG [org.springframework.beans.factory.support.DefaultListableBeanFactory] - Finished creating instance of bean 'personDao'
2017-04-09 18:06:42,901 DEBUG [org.springframework.context.support.ClassPathXmlApplicationContext] - Unable to locate LifecycleProcessor with name 'lifecycleProcessor': using default [org.springframework.context.support.DefaultLifecycleProcessor@71b1176b]
2017-04-09 18:06:42,901 DEBUG [org.springframework.beans.factory.support.DefaultListableBeanFactory] - Returning cached instance of singleton bean 'lifecycleProcessor'
2017-04-09 18:06:42,902 DEBUG [org.springframework.beans.factory.support.DefaultListableBeanFactory] - Returning cached instance of singleton bean 'personDao'
2017-04-09 18:06:42,950 DEBUG [java.sql.Connection] - {conn-100000} Connection
2017-04-09 18:06:43,012 DEBUG [java.sql.Connection] - {conn-100000} Preparing Statement:          delete from person where id=?     
2017-04-09 18:06:43,025 DEBUG [org.springframework.jdbc.datasource.DataSourceUtils] - Fetching JDBC Connection from DataSource
2017-04-09 18:06:43,403 DEBUG [java.sql.PreparedStatement] - {pstm-100001} Executing Statement:          delete from person where id=?     
2017-04-09 18:06:43,404 DEBUG [java.sql.PreparedStatement] - {pstm-100001} Parameters: [113]
2017-04-09 18:06:43,404 DEBUG [java.sql.PreparedStatement] - {pstm-100001} Types: [java.lang.Integer]
2017-04-09 18:06:43,500 DEBUG [org.springframework.jdbc.datasource.DataSourceUtils] - Returning JDBC Connection to DataSource
2017-04-09 18:06:43,501 DEBUG [java.sql.Connection] - {conn-100002} Connection
2017-04-09 18:06:43,502 DEBUG [java.sql.Connection] - {conn-100002} Preparing Statement:          select id, name, age         from person         order by id     
2017-04-09 18:06:43,503 DEBUG [org.springframework.jdbc.datasource.DataSourceUtils] - Fetching JDBC Connection from DataSource
2017-04-09 18:06:43,503 DEBUG [java.sql.PreparedStatement] - {pstm-100003} Executing Statement:          select id, name, age         from person         order by id     
2017-04-09 18:06:43,503 DEBUG [java.sql.PreparedStatement] - {pstm-100003} Parameters: []
2017-04-09 18:06:43,503 DEBUG [java.sql.PreparedStatement] - {pstm-100003} Types: []
2017-04-09 18:06:43,509 DEBUG [java.sql.ResultSet] - {rset-100004} ResultSet
2017-04-09 18:06:43,517 DEBUG [java.sql.ResultSet] - {rset-100004} Header: [id, name, age]
2017-04-09 18:06:43,518 DEBUG [java.sql.ResultSet] - {rset-100004} Result: [3, 学楠, 24]
2017-04-09 18:06:43,518 DEBUG [java.sql.ResultSet] - {rset-100004} Result: [4, bobo, 24]
2017-04-09 18:06:43,518 DEBUG [java.sql.ResultSet] - {rset-100004} Result: [5, 田, 21]
2017-04-09 18:06:43,519 DEBUG [java.sql.ResultSet] - {rset-100004} Result: [6, 田, 21]
2017-04-09 18:06:43,519 DEBUG [java.sql.ResultSet] - {rset-100004} Result: [110, 黄易, 65]
2017-04-09 18:06:43,520 DEBUG [java.sql.ResultSet] - {rset-100004} Result: [111, 黄易, 65]
2017-04-09 18:06:43,520 DEBUG [java.sql.ResultSet] - {rset-100004} Result: [112, 黄易, 65]
2017-04-09 18:06:43,521 DEBUG [org.springframework.jdbc.datasource.DataSourceUtils] - Returning JDBC Connection to DataSource
